# JRE version: OpenJDK Runtime Environment 18.9 (11.0.12+7) (build 11.0.12+7-LTS)
# Java VM: OpenJDK 64-Bit Server VM 18.9 (11.0.12+7-LTS, mixed mode, tiered, compressed oops, g1 gc, windows-amd64)
Heap:
 garbage-first heap   total 600064K, used 219852K [0x00000000c0000000, 0x0000000100000000)
  region size 1024K, 4 young (4096K), 0 survivors (0K)
 Metaspace       used 17607K, capacity 18082K, committed 18176K, reserved 1064960K
  class space    used 2265K, capacity 2490K, committed 2560K, reserved 1048576K
GC Heap History (20 events):
Event: 4.474 GC heap before
{Heap before GC invocations=43 (full 18):
 garbage-first heap   total 372736K, used 291781K [0x00000000c0000000, 0x0000000100000000)
  region size 1024K, 96 young (98304K), 0 survivors (0K)
 Metaspace       used 15935K, capacity 16365K, committed 16512K, reserved 1062912K
  class space    used 1966K, capacity 2140K, committed 2176K, reserved 1048576K
}
Event: 4.481 GC heap after
{Heap after GC invocations=44 (full 18):
 garbage-first heap   total 372736K, used 202444K [0x00000000c0000000, 0x0000000100000000)
  region size 1024K, 9 young (9216K), 9 survivors (9216K)
 Metaspace       used 15935K, capacity 16365K, committed 16512K, reserved 1062912K
  class space    used 1966K, capacity 2140K, committed 2176K, reserved 1048576K
}
Event: 4.518 GC heap before
{Heap before GC invocations=44 (full 18):
 garbage-first heap   total 372736K, used 227020K [0x00000000c0000000, 0x0000000100000000)
  region size 1024K, 35 young (35840K), 9 survivors (9216K)
 Metaspace       used 15935K, capacity 16365K, committed 16512K, reserved 1062912K
  class space    used 1966K, capacity 2140K, committed 2176K, reserved 1048576K
}
Event: 4.524 GC heap after
{Heap after GC invocations=45 (full 18):
 garbage-first heap   total 372736K, used 205975K [0x00000000c0000000, 0x0000000100000000)
  region size 1024K, 5 young (5120K), 5 survivors (5120K)
 Metaspace       used 15935K, capacity 16365K, committed 16512K, reserved 1062912K
  class space    used 1966K, capacity 2140K, committed 2176K, reserved 1048576K
}
Event: 4.575 GC heap before
{Heap before GC invocations=45 (full 18):
 garbage-first heap   total 372736K, used 214167K [0x00000000c0000000, 0x0000000100000000)
  region size 1024K, 8 young (8192K), 5 survivors (5120K)
 Metaspace       used 15935K, capacity 16365K, committed 16512K, reserved 1062912K
  class space    used 1966K, capacity 2140K, committed 2176K, reserved 1048576K
}
Event: 4.693 GC heap after
{Heap after GC invocations=46 (full 19):
 garbage-first heap   total 372736K, used 200069K [0x00000000c0000000, 0x0000000100000000)
  region size 1024K, 0 young (0K), 0 survivors (0K)
 Metaspace       used 15935K, capacity 16365K, committed 16512K, reserved 1062912K
  class space    used 1966K, capacity 2140K, committed 2176K, reserved 1048576K
}
Event: 4.890 GC heap before
{Heap before GC invocations=46 (full 19):
 garbage-first heap   total 372736K, used 207237K [0x00000000c0000000, 0x0000000100000000)
  region size 1024K, 9 young (9216K), 0 survivors (0K)
 Metaspace       used 15943K, capacity 16365K, committed 16512K, reserved 1062912K
  class space    used 1966K, capacity 2140K, committed 2176K, reserved 1048576K
}
Event: 4.892 GC heap after
{Heap after GC invocations=47 (full 19):
 garbage-first heap   total 372736K, used 204021K [0x00000000c0000000, 0x0000000100000000)
  region size 1024K, 4 young (4096K), 4 survivors (4096K)
 Metaspace       used 15943K, capacity 16365K, committed 16512K, reserved 1062912K
  class space    used 1966K, capacity 2140K, committed 2176K, reserved 1048576K
}
Event: 4.912 GC heap before
{Heap before GC invocations=47 (full 19):
 garbage-first heap   total 372736K, used 206069K [0x00000000c0000000, 0x0000000100000000)
  region size 1024K, 5 young (5120K), 4 survivors (4096K)
 Metaspace       used 15943K, capacity 16365K, committed 16512K, reserved 1062912K
  class space    used 1966K, capacity 2140K, committed 2176K, reserved 1048576K
}
Event: 5.018 GC heap after
{Heap after GC invocations=48 (full 20):
 garbage-first heap   total 372736K, used 204903K [0x00000000c0000000, 0x0000000100000000)
  region size 1024K, 0 young (0K), 0 survivors (0K)
 Metaspace       used 15943K, capacity 16365K, committed 16512K, reserved 1062912K
  class space    used 1966K, capacity 2140K, committed 2176K, reserved 1048576K
}
Event: 5.045 GC heap before
{Heap before GC invocations=48 (full 20):
 garbage-first heap   total 372736K, used 204903K [0x00000000c0000000, 0x0000000100000000)
  region size 1024K, 1 young (1024K), 0 survivors (0K)
 Metaspace       used 15943K, capacity 16365K, committed 16512K, reserved 1062912K
  class space    used 1966K, capacity 2140K, committed 2176K, reserved 1048576K
}
Event: 5.159 GC heap after
{Heap after GC invocations=49 (full 21):
 garbage-first heap   total 372736K, used 205077K [0x00000000c0000000, 0x0000000100000000)
  region size 1024K, 0 young (0K), 0 survivors (0K)
 Metaspace       used 15943K, capacity 16365K, committed 16512K, reserved 1062912K
  class space    used 1966K, capacity 2140K, committed 2176K, reserved 1048576K
}
Event: 5.293 GC heap before
{Heap before GC invocations=49 (full 21):
 garbage-first heap   total 372736K, used 209173K [0x00000000c0000000, 0x0000000100000000)
  region size 1024K, 5 young (5120K), 0 survivors (0K)
 Metaspace       used 15946K, capacity 16365K, committed 16512K, reserved 1062912K
  class space    used 1967K, capacity 2140K, committed 2176K, reserved 1048576K
}
Event: 5.294 GC heap after
{Heap after GC invocations=50 (full 21):
 garbage-first heap   total 372736K, used 206438K [0x00000000c0000000, 0x0000000100000000)
  region size 1024K, 2 young (2048K), 2 survivors (2048K)
 Metaspace       used 15946K, capacity 16365K, committed 16512K, reserved 1062912K
  class space    used 1967K, capacity 2140K, committed 2176K, reserved 1048576K
}
Event: 5.320 GC heap before
{Heap before GC invocations=50 (full 21):
 garbage-first heap   total 372736K, used 210534K [0x00000000c0000000, 0x0000000100000000)
  region size 1024K, 3 young (3072K), 2 survivors (2048K)
 Metaspace       used 15946K, capacity 16365K, committed 16512K, reserved 1062912K
  class space    used 1967K, capacity 2140K, committed 2176K, reserved 1048576K
}
Event: 5.445 GC heap after
{Heap after GC invocations=51 (full 22):
 garbage-first heap   total 372736K, used 208293K [0x00000000c0000000, 0x0000000100000000)
  region size 1024K, 0 young (0K), 0 survivors (0K)
 Metaspace       used 15946K, capacity 16365K, committed 16512K, reserved 1062912K
  class space    used 1967K, capacity 2140K, committed 2176K, reserved 1048576K
}
Event: 5.775 GC heap before
{Heap before GC invocations=51 (full 22):
 garbage-first heap   total 372736K, used 244133K [0x00000000c0000000, 0x0000000100000000)
  region size 1024K, 36 young (36864K), 0 survivors (0K)
 Metaspace       used 16722K, capacity 17180K, committed 17536K, reserved 1064960K
  class space    used 2124K, capacity 2309K, committed 2432K, reserved 1048576K
}
Event: 5.784 GC heap after
{Heap after GC invocations=52 (full 22):
 garbage-first heap   total 600064K, used 214980K [0x00000000c0000000, 0x0000000100000000)
  region size 1024K, 7 young (7168K), 7 survivors (7168K)
 Metaspace       used 16722K, capacity 17180K, committed 17536K, reserved 1064960K
  class space    used 2124K, capacity 2309K, committed 2432K, reserved 1048576K
}
Event: 5.817 GC heap before
{Heap before GC invocations=52 (full 22):
 garbage-first heap   total 600064K, used 223172K [0x00000000c0000000, 0x0000000100000000)
  region size 1024K, 15 young (15360K), 7 survivors (7168K)
 Metaspace       used 16793K, capacity 17255K, committed 17536K, reserved 1064960K
  class space    used 2130K, capacity 2315K, committed 2432K, reserved 1048576K
}
Event: 5.934 GC heap after
{Heap after GC invocations=53 (full 23):
 garbage-first heap   total 600064K, used 216780K [0x00000000c0000000, 0x0000000100000000)
  region size 1024K, 0 young (0K), 0 survivors (0K)
 Metaspace       used 16793K, capacity 17255K, committed 17536K, reserved 1064960K
  class space    used 2130K, capacity 2315K, committed 2432K, reserved 1048576K
}

